2012/09/15 18:06:33 [error] [exception.CHttpException.403] exception 'CHttpException' with message 'You are not allowed to access this page.' in /Users/rzamarripa/Dropbox/sites/yii/framework/gii/GiiModule.php:172
Stack trace:
#0 /Users/rzamarripa/Dropbox/sites/yii/framework/web/CController.php(264): GiiModule->beforeControllerAction(Object(DefaultController), Object(CInlineAction))
#1 /Users/rzamarripa/Dropbox/sites/yii/framework/web/CWebApplication.php(276): CController->run('')
#2 /Users/rzamarripa/Dropbox/sites/yii/framework/web/CWebApplication.php(135): CWebApplication->runController('gii')
#3 /Users/rzamarripa/Dropbox/sites/yii/framework/base/CApplication.php(162): CWebApplication->processRequest()
#4 /Users/rzamarripa/Dropbox/sites/htdocs/jap/index.php(13): CApplication->run()
#5 {main}
REQUEST_URI=/jap/index.php/gii
---
2012/09/15 18:07:17 [error] [exception.CHttpException.403] exception 'CHttpException' with message 'You are not allowed to access this page.' in /Users/rzamarripa/Dropbox/sites/yii/framework/gii/GiiModule.php:172
Stack trace:
#0 /Users/rzamarripa/Dropbox/sites/yii/framework/web/CController.php(264): GiiModule->beforeControllerAction(Object(DefaultController), Object(CInlineAction))
#1 /Users/rzamarripa/Dropbox/sites/yii/framework/web/CWebApplication.php(276): CController->run('')
#2 /Users/rzamarripa/Dropbox/sites/yii/framework/web/CWebApplication.php(135): CWebApplication->runController('gii')
#3 /Users/rzamarripa/Dropbox/sites/yii/framework/base/CApplication.php(162): CWebApplication->processRequest()
#4 /Users/rzamarripa/Dropbox/sites/htdocs/jap/index.php(13): CApplication->run()
#5 {main}
REQUEST_URI=/jap/index.php/gii
---
2012/09/15 18:07:19 [error] [exception.CHttpException.403] exception 'CHttpException' with message 'You are not allowed to access this page.' in /Users/rzamarripa/Dropbox/sites/yii/framework/gii/GiiModule.php:172
Stack trace:
#0 /Users/rzamarripa/Dropbox/sites/yii/framework/web/CController.php(264): GiiModule->beforeControllerAction(Object(DefaultController), Object(CInlineAction))
#1 /Users/rzamarripa/Dropbox/sites/yii/framework/web/CWebApplication.php(276): CController->run('')
#2 /Users/rzamarripa/Dropbox/sites/yii/framework/web/CWebApplication.php(135): CWebApplication->runController('gii')
#3 /Users/rzamarripa/Dropbox/sites/yii/framework/base/CApplication.php(162): CWebApplication->processRequest()
#4 /Users/rzamarripa/Dropbox/sites/htdocs/jap/index.php(13): CApplication->run()
#5 {main}
REQUEST_URI=/jap/index.php/gii
---
2012/09/15 18:07:39 [error] [exception.CHttpException.403] exception 'CHttpException' with message 'You are not allowed to access this page.' in /Users/rzamarripa/Dropbox/sites/yii/framework/gii/GiiModule.php:172
Stack trace:
#0 /Users/rzamarripa/Dropbox/sites/yii/framework/web/CController.php(264): GiiModule->beforeControllerAction(Object(DefaultController), Object(CInlineAction))
#1 /Users/rzamarripa/Dropbox/sites/yii/framework/web/CWebApplication.php(276): CController->run('')
#2 /Users/rzamarripa/Dropbox/sites/yii/framework/web/CWebApplication.php(135): CWebApplication->runController('gii')
#3 /Users/rzamarripa/Dropbox/sites/yii/framework/base/CApplication.php(162): CWebApplication->processRequest()
#4 /Users/rzamarripa/Dropbox/sites/htdocs/jap/index.php(13): CApplication->run()
#5 {main}
REQUEST_URI=/jap/index.php/gii
---
